#
# There is insufficient memory for the Java Runtime Environment to continue.
# Native memory allocation (malloc) failed to allocate 612096 bytes for Chunk::new
# Possible reasons:
#   The system is out of physical RAM or swap space
#   In 32 bit mode, the process size limit was hit
# Possible solutions:
#   Reduce memory load on the system
#   Increase physical memory or swap space
#   Check if swap backing store is full
#   Use 64 bit Java on a 64 bit OS
#   Decrease Java heap size (-Xmx/-Xms)
#   Decrease number of Java threads
#   Decrease Java thread stack sizes (-Xss)
#   Set larger code cache with -XX:ReservedCodeCacheSize=
# This output file may be truncated or incomplete.
#
#  Out of Memory Error (allocation.cpp:390), pid=2792, tid=0x0000000000001bec
#
# JRE version: Java(TM) SE Runtime Environment (8.0_102-b14) (build 1.8.0_102-b14)
# Java VM: Java HotSpot(TM) 64-Bit Server VM (25.102-b14 mixed mode windows-amd64 compressed oops)
# Failed to write core dump. Minidumps are not enabled by default on client versions of Windows
#

---------------  T H R E A D  ---------------

Current thread (0x0000000014b7f800):  JavaThread "C2 CompilerThread0" daemon [_thread_in_native, id=7148, stack(0x0000000016340000,0x0000000016440000)]

Stack: [0x0000000016340000,0x0000000016440000]
[error occurred during error reporting (printing stack bounds), id 0xc0000005]

Native frames: (J=compiled Java code, j=interpreted, Vv=VM code, C=native code)


Current CompileTask:
C2:  35733 11122 % !   4       com.android.jack.ir.ast.JDefinedClassOrInterface::getMethodIdWide @ 53 (183 bytes)


---------------  P R O C E S S  ---------------

Java Threads: ( => current thread )
  0x000000001a248000 JavaThread "config-0-worker-3" daemon [_thread_in_Java, id=4904, stack(0x00000000272a0000,0x00000000274a0000)]
  0x000000001a245000 JavaThread "config-0-worker-2" daemon [_thread_in_Java, id=7036, stack(0x00000000270a0000,0x00000000272a0000)]
  0x000000001a243800 JavaThread "config-0-worker-1" daemon [_thread_in_Java, id=2196, stack(0x0000000026ea0000,0x00000000270a0000)]
  0x000000001a246800 JavaThread "config-0-worker-0" daemon [_thread_in_Java, id=4336, stack(0x0000000026ca0000,0x0000000026ea0000)]
  0x000000001a243000 JavaThread "Jack reporter" daemon [_thread_blocked, id=1992, stack(0x00000000212f0000,0x00000000213f0000)]
  0x000000001a241800 JavaThread "Tasks limiter_4" daemon [_thread_blocked, id=3756, stack(0x0000000020d60000,0x0000000020e60000)]
  0x000000001a240800 JavaThread "Tasks limiter_3" daemon [_thread_blocked, id=6272, stack(0x000000001ebd0000,0x000000001ecd0000)]
  0x000000001a242000 JavaThread "Tasks limiter_2" daemon [_thread_blocked, id=7408, stack(0x000000001e830000,0x000000001e930000)]
  0x000000001a29b000 JavaThread "Tasks limiter_1" daemon [_thread_blocked, id=2184, stack(0x000000001bea0000,0x000000001bfa0000)]
  0x000000001a298000 JavaThread "File lock request listener" [_thread_in_native, id=6396, stack(0x000000001bb90000,0x000000001bc90000)]
  0x000000001798c000 JavaThread "Stdin handler" [_thread_blocked, id=6164, stack(0x00000000194f0000,0x00000000195f0000)]
  0x000000001798b000 JavaThread "Asynchronous log dispatcher for org.gradle.launcher.daemon.server.DefaultDaemonConnection@1f4cdbb3" [_thread_blocked, id=7240, stack(0x00000000193f0000,0x00000000194f0000)]
  0x00000000179f7800 JavaThread "Daemon worker" [_thread_blocked, id=7640, stack(0x00000000192f0000,0x00000000193f0000)]
  0x0000000017995800 JavaThread "Cancel handler" [_thread_blocked, id=6564, stack(0x00000000191f0000,0x00000000192f0000)]
  0x0000000017971800 JavaThread "Handler for socket connection from /127.0.0.1:51978 to /127.0.0.1:51979" [_thread_in_native, id=6888, stack(0x00000000190f0000,0x00000000191f0000)]
  0x0000000017971000 JavaThread "Daemon" [_thread_blocked, id=7344, stack(0x0000000018ff0000,0x00000000190f0000)]
  0x0000000017911800 JavaThread "Incoming local TCP Connector on port 51978" [_thread_in_native, id=6656, stack(0x00000000188f0000,0x00000000189f0000)]
  0x00000000178a8800 JavaThread "pool-1-thread-1" [_thread_blocked, id=3300, stack(0x00000000187f0000,0x00000000188f0000)]
  0x0000000016670800 JavaThread "Service Thread" daemon [_thread_blocked, id=4268, stack(0x0000000016a40000,0x0000000016b40000)]
  0x0000000014b85000 JavaThread "C1 CompilerThread2" daemon [_thread_blocked, id=7292, stack(0x0000000016540000,0x0000000016640000)]
  0x0000000014b81800 JavaThread "C2 CompilerThread1" daemon [_thread_in_native, id=4164, stack(0x0000000016440000,0x0000000016540000)]
=>0x0000000014b7f800 JavaThread "C2 CompilerThread0" daemon [_thread_in_native, id=7148, stack(0x0000000016340000,0x0000000016440000)]
  0x0000000014b7c800 JavaThread "Attach Listener" daemon [_thread_blocked, id=4960, stack(0x0000000016240000,0x0000000016340000)]
  0x0000000014b7b000 JavaThread "Signal Dispatcher" daemon [_thread_blocked, id=6368, stack(0x0000000016140000,0x0000000016240000)]
  0x00000000024ab800 JavaThread "Finalizer" daemon [_thread_blocked, id=6516, stack(0x0000000015de0000,0x0000000015ee0000)]
  0x0000000014b49000 JavaThread "Reference Handler" daemon [_thread_blocked, id=2572, stack(0x0000000015ce0000,0x0000000015de0000)]
  0x0000000000ace000 JavaThread "main" [_thread_blocked, id=336, stack(0x0000000002280000,0x0000000002380000)]

Other Threads:
  0x0000000014b47000 VMThread [stack: 0x0000000015be0000,0x0000000015ce0000] [id=5764]
  0x0000000016684800 WatcherThread [stack: 0x0000000016b40000,0x0000000016c40000] [id=6208]

VM state:not at safepoint (normal execution)

VM Mutex/Monitor currently owned by a thread: None

Heap:
 PSYoungGen      total 195072K, used 122949K [0x00000000eab00000, 0x00000000ffa00000, 0x0000000100000000)
  eden space 172032K, 71% used [0x00000000eab00000,0x00000000f23116f0,0x00000000f5300000)
  from space 23040K, 0% used [0x00000000f5300000,0x00000000f5300000,0x00000000f6980000)
  to   space 85504K, 0% used [0x00000000fa680000,0x00000000fa680000,0x00000000ffa00000)
 ParOldGen       total 430080K, used 220204K [0x00000000c0000000, 0x00000000da400000, 0x00000000eab00000)
  object space 430080K, 51% used [0x00000000c0000000,0x00000000cd70b2d8,0x00000000da400000)
 Metaspace       used 62631K, capacity 63674K, committed 64088K, reserved 1103872K
  class space    used 8397K, capacity 8720K, committed 8832K, reserved 1048576K

Card table byte_map: [0x0000000011870000,0x0000000011a80000] byte_map_base: 0x0000000011270000

Marking Bits: (ParMarkBitMap*) 0x00000000559aa6c0
 Begin Bits: [0x0000000011fe0000, 0x0000000012fe0000)
 End Bits:   [0x0000000012fe0000, 0x0000000013fe0000)

Polling page: 0x0000000000a70000

CodeCache: size=245760Kb used=28157Kb max_used=28157Kb free=217602Kb
 bounds [0x00000000024b0000, 0x0000000004060000, 0x00000000114b0000]
 total_blobs=9984 nmethods=9216 adapters=675
 compilation: enabled

Compilation events (10 events):
Event: 35.668 Thread 0x0000000014b85000 11140       1       com.android.jack.ir.ast.JMultiExpression::getExprs (5 bytes)
Event: 35.668 Thread 0x0000000014b85000 nmethod 11140 0x0000000004038c50 code [0x0000000004038da0, 0x0000000004038eb0]
Event: 35.678 Thread 0x0000000014b85000 11143       3       com.android.jack.ir.ast.JMultiExpression::transform (24 bytes)
Event: 35.679 Thread 0x0000000014b85000 nmethod 11143 0x0000000004036250 code [0x00000000040363c0, 0x00000000040366d8]
Event: 35.683 Thread 0x0000000014b85000 11145       3       com.android.jack.ir.ast.JAndOperation::getOp (4 bytes)
Event: 35.683 Thread 0x0000000014b85000 nmethod 11145 0x0000000003c009d0 code [0x0000000003c00b20, 0x0000000003c00c70]
Event: 35.684 Thread 0x0000000014b85000 11146       3       com.android.jack.ir.ast.JMultiExpression::getType (40 bytes)
Event: 35.685 Thread 0x0000000014b85000 nmethod 11146 0x00000000040358d0 code [0x0000000004035a80, 0x0000000004036008]
Event: 35.721 Thread 0x0000000014b85000 11148       1       com.android.jack.ir.ast.JPrimitiveType$JIntType::getWrapperCommonType (4 bytes)
Event: 35.722 Thread 0x0000000014b85000 nmethod 11148 0x0000000004019650 code [0x00000000040197a0, 0x00000000040198b0]

GC Heap History (10 events):
Event: 30.771 GC heap before
{Heap before GC invocations=25 (full 4):
 PSYoungGen      total 257024K, used 233613K [0x00000000eab00000, 0x0000000100000000, 0x0000000100000000)
  eden space 175104K, 100% used [0x00000000eab00000,0x00000000f5600000,0x00000000f5600000)
  from space 81920K, 71% used [0x00000000fb000000,0x00000000fe9234f0,0x0000000100000000)
  to   space 87040K, 0% used [0x00000000f5600000,0x00000000f5600000,0x00000000fab00000)
 ParOldGen       total 264704K, used 186611K [0x00000000c0000000, 0x00000000d0280000, 0x00000000eab00000)
  object space 264704K, 70% used [0x00000000c0000000,0x00000000cb63cd30,0x00000000d0280000)
 Metaspace       used 62160K, capacity 63156K, committed 63448K, reserved 1103872K
  class space    used 8299K, capacity 8591K, committed 8704K, reserved 1048576K
Event: 30.937 GC heap after
Heap after GC invocations=25 (full 4):
 PSYoungGen      total 229376K, used 54177K [0x00000000eab00000, 0x0000000100000000, 0x0000000100000000)
  eden space 175104K, 0% used [0x00000000eab00000,0x00000000eab00000,0x00000000f5600000)
  from space 54272K, 99% used [0x00000000f5600000,0x00000000f8ae8640,0x00000000f8b00000)
  to   space 89088K, 0% used [0x00000000fa900000,0x00000000fa900000,0x0000000100000000)
 ParOldGen       total 264704K, used 240875K [0x00000000c0000000, 0x00000000d0280000, 0x00000000eab00000)
  object space 264704K, 90% used [0x00000000c0000000,0x00000000ceb3ad50,0x00000000d0280000)
 Metaspace       used 62160K, capacity 63156K, committed 63448K, reserved 1103872K
  class space    used 8299K, capacity 8591K, committed 8704K, reserved 1048576K
}
Event: 30.937 GC heap before
{Heap before GC invocations=26 (full 5):
 PSYoungGen      total 229376K, used 54177K [0x00000000eab00000, 0x0000000100000000, 0x0000000100000000)
  eden space 175104K, 0% used [0x00000000eab00000,0x00000000eab00000,0x00000000f5600000)
  from space 54272K, 99% used [0x00000000f5600000,0x00000000f8ae8640,0x00000000f8b00000)
  to   space 89088K, 0% used [0x00000000fa900000,0x00000000fa900000,0x0000000100000000)
 ParOldGen       total 264704K, used 240875K [0x00000000c0000000, 0x00000000d0280000, 0x00000000eab00000)
  object space 264704K, 90% used [0x00000000c0000000,0x00000000ceb3ad50,0x00000000d0280000)
 Metaspace       used 62160K, capacity 63156K, committed 63448K, reserved 1103872K
  class space    used 8299K, capacity 8591K, committed 8704K, reserved 1048576K
Event: 32.013 GC heap after
Heap after GC invocations=26 (full 5):
 PSYoungGen      total 229376K, used 0K [0x00000000eab00000, 0x0000000100000000, 0x0000000100000000)
  eden space 175104K, 0% used [0x00000000eab00000,0x00000000eab00000,0x00000000f5600000)
  from space 54272K, 0% used [0x00000000f5600000,0x00000000f5600000,0x00000000f8b00000)
  to   space 89088K, 0% used [0x00000000fa900000,0x00000000fa900000,0x0000000100000000)
 ParOldGen       total 264704K, used 188092K [0x00000000c0000000, 0x00000000d0280000, 0x00000000eab00000)
  object space 264704K, 71% used [0x00000000c0000000,0x00000000cb7af2c0,0x00000000d0280000)
 Metaspace       used 62160K, capacity 63156K, committed 63448K, reserved 1103872K
  class space    used 8299K, capacity 8591K, committed 8704K, reserved 1048576K
}
Event: 32.748 GC heap before
{Heap before GC invocations=27 (full 5):
 PSYoungGen      total 229376K, used 175104K [0x00000000eab00000, 0x0000000100000000, 0x0000000100000000)
  eden space 175104K, 100% used [0x00000000eab00000,0x00000000f5600000,0x00000000f5600000)
  from space 54272K, 0% used [0x00000000f5600000,0x00000000f5600000,0x00000000f8b00000)
  to   space 89088K, 0% used [0x00000000fa900000,0x00000000fa900000,0x0000000100000000)
 ParOldGen       total 264704K, used 188094K [0x00000000c0000000, 0x00000000d0280000, 0x00000000eab00000)
  object space 264704K, 71% used [0x00000000c0000000,0x00000000cb7afa20,0x00000000d0280000)
 Metaspace       used 62191K, capacity 63188K, committed 63448K, reserved 1103872K
  class space    used 8306K, capacity 8623K, committed 8704K, reserved 1048576K
Event: 32.844 GC heap after
Heap after GC invocations=27 (full 5):
 PSYoungGen      total 261120K, used 47944K [0x00000000eab00000, 0x0000000100000000, 0x0000000100000000)
  eden space 172032K, 0% used [0x00000000eab00000,0x00000000eab00000,0x00000000f5300000)
  from space 89088K, 53% used [0x00000000fa900000,0x00000000fd7d2240,0x0000000100000000)
  to   space 88064K, 0% used [0x00000000f5300000,0x00000000f5300000,0x00000000fa900000)
 ParOldGen       total 264704K, used 188094K [0x00000000c0000000, 0x00000000d0280000, 0x00000000eab00000)
  object space 264704K, 71% used [0x00000000c0000000,0x00000000cb7afa20,0x00000000d0280000)
 Metaspace       used 62191K, capacity 63188K, committed 63448K, reserved 1103872K
  class space    used 8306K, capacity 8623K, committed 8704K, reserved 1048576K
}
Event: 34.259 GC heap before
{Heap before GC invocations=28 (full 5):
 PSYoungGen      total 261120K, used 219976K [0x00000000eab00000, 0x0000000100000000, 0x0000000100000000)
  eden space 172032K, 100% used [0x00000000eab00000,0x00000000f5300000,0x00000000f5300000)
  from space 89088K, 53% used [0x00000000fa900000,0x00000000fd7d2240,0x0000000100000000)
  to   space 88064K, 0% used [0x00000000f5300000,0x00000000f5300000,0x00000000fa900000)
 ParOldGen       total 264704K, used 188094K [0x00000000c0000000, 0x00000000d0280000, 0x00000000eab00000)
  object space 264704K, 71% used [0x00000000c0000000,0x00000000cb7afa20,0x00000000d0280000)
 Metaspace       used 62621K, capacity 63628K, committed 63832K, reserved 1103872K
  class space    used 8398K, capacity 8723K, committed 8832K, reserved 1048576K
Event: 34.368 GC heap after
Heap after GC invocations=28 (full 5):
 PSYoungGen      total 195072K, used 22960K [0x00000000eab00000, 0x00000000ffa00000, 0x0000000100000000)
  eden space 172032K, 0% used [0x00000000eab00000,0x00000000eab00000,0x00000000f5300000)
  from space 23040K, 99% used [0x00000000f5300000,0x00000000f696c328,0x00000000f6980000)
  to   space 85504K, 0% used [0x00000000fa680000,0x00000000fa680000,0x00000000ffa00000)
 ParOldGen       total 264704K, used 230623K [0x00000000c0000000, 0x00000000d0280000, 0x00000000eab00000)
  object space 264704K, 87% used [0x00000000c0000000,0x00000000ce137f78,0x00000000d0280000)
 Metaspace       used 62621K, capacity 63628K, committed 63832K, reserved 1103872K
  class space    used 8398K, capacity 8723K, committed 8832K, reserved 1048576K
}
Event: 34.368 GC heap before
{Heap before GC invocations=29 (full 6):
 PSYoungGen      total 195072K, used 22960K [0x00000000eab00000, 0x00000000ffa00000, 0x0000000100000000)
  eden space 172032K, 0% used [0x00000000eab00000,0x00000000eab00000,0x00000000f5300000)
  from space 23040K, 99% used [0x00000000f5300000,0x00000000f696c328,0x00000000f6980000)
  to   space 85504K, 0% used [0x00000000fa680000,0x00000000fa680000,0x00000000ffa00000)
 ParOldGen       total 264704K, used 230623K [0x00000000c0000000, 0x00000000d0280000, 0x00000000eab00000)
  object space 264704K, 87% used [0x00000000c0000000,0x00000000ce137f78,0x00000000d0280000)
 Metaspace       used 62621K, capacity 63628K, committed 63832K, reserved 1103872K
  class space    used 8398K, capacity 8723K, committed 8832K, reserved 1048576K
Event: 35.119 GC heap after
Heap after GC invocations=29 (full 6):
 PSYoungGen      total 195072K, used 0K [0x00000000eab00000, 0x00000000ffa00000, 0x0000000100000000)
  eden space 172032K, 0% used [0x00000000eab00000,0x00000000eab00000,0x00000000f5300000)
  from space 23040K, 0% used [0x00000000f5300000,0x00000000f5300000,0x00000000f6980000)
  to   space 85504K, 0% used [0x00000000fa680000,0x00000000fa680000,0x00000000ffa00000)
 ParOldGen       total 430080K, used 220204K [0x00000000c0000000, 0x00000000da400000, 0x00000000eab00000)
  object space 430080K, 51% used [0x00000000c0000000,0x00000000cd70b2d8,0x00000000da400000)
 Metaspace       used 62610K, capacity 63610K, committed 63832K, reserved 1103872K
  class space    used 8397K, capacity 8720K, committed 8832K, reserved 1048576K
}

Deoptimization events (10 events):
Event: 35.488 Thread 0x000000001a245000 Uncommon trap: reason=unstable_if action=reinterpret pc=0x0000000003bfbbbc method=com.android.jack.ir.ast.JPrimitiveType.getBinaryPromotionType(Lcom/android/jack/ir/ast/JType;Lcom/android/jack/ir/ast/JType;)Lcom/android/jack/ir/ast/JType; @ 327
Event: 35.488 Thread 0x000000001a246800 Uncommon trap: reason=unstable_if action=reinterpret pc=0x0000000003bfbbbc method=com.android.jack.ir.ast.JPrimitiveType.getBinaryPromotionType(Lcom/android/jack/ir/ast/JType;Lcom/android/jack/ir/ast/JType;)Lcom/android/jack/ir/ast/JType; @ 327
Event: 35.489 Thread 0x000000001a245000 Uncommon trap: reason=class_check action=maybe_recompile pc=0x000000000394aae4 method=com.android.jack.ir.ast.JMethodCall.replaceImpl(Lcom/android/jack/ir/ast/JNode;Lcom/android/jack/ir/ast/JNode;)V @ 28
Event: 35.489 Thread 0x000000001a245000 Uncommon trap: reason=class_check action=maybe_recompile pc=0x000000000394aae4 method=com.android.jack.ir.ast.JMethodCall.replaceImpl(Lcom/android/jack/ir/ast/JNode;Lcom/android/jack/ir/ast/JNode;)V @ 28
Event: 35.489 Thread 0x000000001a245000 Uncommon trap: reason=class_check action=maybe_recompile pc=0x000000000394aae4 method=com.android.jack.ir.ast.JMethodCall.replaceImpl(Lcom/android/jack/ir/ast/JNode;Lcom/android/jack/ir/ast/JNode;)V @ 28
Event: 35.495 Thread 0x000000001a246800 Uncommon trap: reason=class_check action=maybe_recompile pc=0x0000000003c94960 method=com.android.jack.transformations.threeaddresscode.ThreeAddressCodeBuilder$ThreeAddressCode.endVisit(Lcom/android/jack/ir/ast/JExpression;)V @ 120
Event: 35.495 Thread 0x000000001a246800 Uncommon trap: reason=class_check action=maybe_recompile pc=0x0000000003c94960 method=com.android.jack.transformations.threeaddresscode.ThreeAddressCodeBuilder$ThreeAddressCode.endVisit(Lcom/android/jack/ir/ast/JExpression;)V @ 120
Event: 35.524 Thread 0x000000001a243800 Uncommon trap: reason=class_check action=maybe_recompile pc=0x0000000003ff74c4 method=com.android.jack.analysis.DefinitionMarker.<init>(Lcom/android/jack/ir/ast/JNode;)V @ 58
Event: 35.640 Thread 0x000000001a243800 Uncommon trap: reason=unstable_if action=reinterpret pc=0x00000000033268a8 method=com.android.jack.transformations.ast.NestedAssignRemover$Visitor.endVisit(Lcom/android/jack/ir/ast/JBinaryOperation;)V @ 14
Event: 35.652 Thread 0x000000001a243800 Uncommon trap: reason=class_check action=maybe_recompile pc=0x0000000003fd1290 method=com.android.jack.analysis.DefinitionMarker.<init>(Lcom/android/jack/ir/ast/JNode;)V @ 58

Internal exceptions (10 events):
Event: 15.661 Thread 0x000000001a29b000 Exception <a 'java/lang/ArrayIndexOutOfBoundsException'> (0x00000000eebd4150) thrown at [C:\re\workspace\8-2-build-windows-amd64-cygwin\jdk8u102\7268\hotspot\src\share\vm\runtime\sharedRuntime.cpp, line 605]
Event: 15.661 Thread 0x000000001a29b000 Exception <a 'java/lang/ArrayIndexOutOfBoundsException'> (0x00000000eebd6dc0) thrown at [C:\re\workspace\8-2-build-windows-amd64-cygwin\jdk8u102\7268\hotspot\src\share\vm\runtime\sharedRuntime.cpp, line 605]
Event: 15.662 Thread 0x000000001a29b000 Exception <a 'java/lang/ArrayIndexOutOfBoundsException'> (0x00000000eebd8e50) thrown at [C:\re\workspace\8-2-build-windows-amd64-cygwin\jdk8u102\7268\hotspot\src\share\vm\runtime\sharedRuntime.cpp, line 605]
Event: 15.663 Thread 0x000000001a29b000 Exception <a 'java/lang/ArrayIndexOutOfBoundsException'> (0x00000000eebdb6c0) thrown at [C:\re\workspace\8-2-build-windows-amd64-cygwin\jdk8u102\7268\hotspot\src\share\vm\runtime\sharedRuntime.cpp, line 605]
Event: 15.667 Thread 0x000000001a29b000 Exception <a 'java/lang/ArrayIndexOutOfBoundsException'> (0x00000000eebdff20) thrown at [C:\re\workspace\8-2-build-windows-amd64-cygwin\jdk8u102\7268\hotspot\src\share\vm\runtime\sharedRuntime.cpp, line 605]
Event: 15.668 Thread 0x000000001a29b000 Exception <a 'java/lang/ArrayIndexOutOfBoundsException'> (0x00000000eebe2640) thrown at [C:\re\workspace\8-2-build-windows-amd64-cygwin\jdk8u102\7268\hotspot\src\share\vm\runtime\sharedRuntime.cpp, line 605]
Event: 19.035 Thread 0x000000001a29b000 Implicit null exception at 0x0000000003a4bb2f to 0x0000000003a4bced
Event: 19.039 Thread 0x000000001a29b000 Implicit null exception at 0x0000000003a4b4eb to 0x0000000003a4b699
Event: 19.479 Thread 0x000000001a29b000 Implicit null exception at 0x00000000033fc69d to 0x00000000033fc7c5
Event: 23.644 Thread 0x000000001a243800 Implicit null exception at 0x0000000003a9b826 to 0x0000000003a9bd79

Events (10 events):
Event: 35.495 Thread 0x000000001a246800 DEOPT UNPACKING pc=0x00000000024f582a sp=0x0000000026e9eaa8 mode 2
Event: 35.524 Thread 0x000000001a243800 Uncommon trap: trap_request=0xffffffde fr.pc=0x0000000003ff74c4
Event: 35.524 Thread 0x000000001a243800 DEOPT PACKING pc=0x0000000003ff74c4 sp=0x000000002709efd0
Event: 35.524 Thread 0x000000001a243800 DEOPT UNPACKING pc=0x00000000024f582a sp=0x000000002709ef30 mode 2
Event: 35.640 Thread 0x000000001a243800 Uncommon trap: trap_request=0xffffff65 fr.pc=0x00000000033268a8
Event: 35.640 Thread 0x000000001a243800 DEOPT PACKING pc=0x00000000033268a8 sp=0x000000002709ee10
Event: 35.640 Thread 0x000000001a243800 DEOPT UNPACKING pc=0x00000000024f582a sp=0x000000002709ed68 mode 2
Event: 35.652 Thread 0x000000001a243800 Uncommon trap: trap_request=0xffffffde fr.pc=0x0000000003fd1290
Event: 35.652 Thread 0x000000001a243800 DEOPT PACKING pc=0x0000000003fd1290 sp=0x000000002709eeb0
Event: 35.652 Thread 0x000000001a243800 DEOPT UNPACKING pc=0x00000000024f582a sp=0x000000002709ee38 mode 2


Dynamic libraries:
0x00007ff728770000 - 0x00007ff7287a7000 	C:\Program Files\Java\jdk1.8.0_102\bin\java.exe
0x00007ffc6b6d0000 - 0x00007ffc6b87c000 	C:\WINDOWS\SYSTEM32\ntdll.dll
0x00007ffc6b0a0000 - 0x00007ffc6b1de000 	C:\WINDOWS\system32\KERNEL32.DLL
0x00007ffc68a60000 - 0x00007ffc68b75000 	C:\WINDOWS\system32\KERNELBASE.dll
0x00007ffc672c0000 - 0x00007ffc6734e000 	C:\WINDOWS\system32\apphelp.dll
0x00007ffc535a0000 - 0x00007ffc535f3000 	C:\WINDOWS\AppPatch\AppPatch64\AcGenral.DLL
0x00007ffc6aff0000 - 0x00007ffc6b09a000 	C:\WINDOWS\system32\msvcrt.dll
0x00007ffc68630000 - 0x00007ffc6865e000 	C:\WINDOWS\SYSTEM32\SspiCli.dll
0x00007ffc6b600000 - 0x00007ffc6b654000 	C:\WINDOWS\system32\SHLWAPI.dll
0x00007ffc69770000 - 0x00007ffc698e7000 	C:\WINDOWS\system32\USER32.dll
0x00007ffc6b240000 - 0x00007ffc6b3d4000 	C:\WINDOWS\system32\ole32.dll
0x00007ffc698f0000 - 0x00007ffc6ae09000 	C:\WINDOWS\system32\SHELL32.dll
0x00007ffc67e00000 - 0x00007ffc67e21000 	C:\WINDOWS\SYSTEM32\USERENV.dll
0x00007ffc69600000 - 0x00007ffc696aa000 	C:\WINDOWS\system32\ADVAPI32.dll
0x00007ffc5e820000 - 0x00007ffc5e83e000 	C:\WINDOWS\SYSTEM32\MPR.dll
0x00007ffc68ff0000 - 0x00007ffc69131000 	C:\WINDOWS\system32\RPCRT4.dll
0x00007ffc695a0000 - 0x00007ffc695f9000 	C:\WINDOWS\SYSTEM32\sechost.dll
0x00007ffc6b3e0000 - 0x00007ffc6b5f1000 	C:\WINDOWS\SYSTEM32\combase.dll
0x00007ffc69280000 - 0x00007ffc693cf000 	C:\WINDOWS\system32\GDI32.dll
0x00007ffc68830000 - 0x00007ffc68845000 	C:\WINDOWS\SYSTEM32\profapi.dll
0x00007ffc67350000 - 0x00007ffc67402000 	C:\WINDOWS\SYSTEM32\SHCORE.dll
0x00007ffc68d60000 - 0x00007ffc68d96000 	C:\WINDOWS\system32\IMM32.DLL
0x00007ffc68e90000 - 0x00007ffc68fe2000 	C:\WINDOWS\system32\MSCTF.dll
0x00007ffc687f0000 - 0x00007ffc6881f000 	C:\Windows\system32\nvinitx.dll
0x00007ffc669a0000 - 0x00007ffc66c1a000 	C:\WINDOWS\WinSxS\amd64_microsoft.windows.common-controls_6595b64144ccf1df_6.0.9600.17810_none_6240b9c7ecbd0bda\COMCTL32.dll
0x0000000054c20000 - 0x0000000054cf1000 	C:\Program Files\Java\jdk1.8.0_102\jre\bin\msvcr100.dll
0x0000000055190000 - 0x0000000055a2a000 	C:\Program Files\Java\jdk1.8.0_102\jre\bin\server\jvm.dll
0x00007ffc63b70000 - 0x00007ffc63b79000 	C:\WINDOWS\SYSTEM32\WSOCK32.dll
0x00007ffc66c20000 - 0x00007ffc66c42000 	C:\WINDOWS\SYSTEM32\WINMM.dll
0x00007ffc66c50000 - 0x00007ffc66c5a000 	C:\WINDOWS\SYSTEM32\VERSION.dll
0x00007ffc69270000 - 0x00007ffc69277000 	C:\WINDOWS\system32\PSAPI.DLL
0x00007ffc6b1e0000 - 0x00007ffc6b23a000 	C:\WINDOWS\system32\WS2_32.dll
0x00007ffc668d0000 - 0x00007ffc668fa000 	C:\WINDOWS\SYSTEM32\WINMMBASE.dll
0x00007ffc68e80000 - 0x00007ffc68e89000 	C:\WINDOWS\system32\NSI.dll
0x00007ffc68960000 - 0x00007ffc689af000 	C:\WINDOWS\SYSTEM32\cfgmgr32.dll
0x00007ffc67610000 - 0x00007ffc67638000 	C:\WINDOWS\SYSTEM32\DEVOBJ.dll
0x00000000550a0000 - 0x00000000550af000 	C:\Program Files\Java\jdk1.8.0_102\jre\bin\verify.dll
0x0000000055070000 - 0x0000000055099000 	C:\Program Files\Java\jdk1.8.0_102\jre\bin\java.dll
0x0000000055050000 - 0x0000000055066000 	C:\Program Files\Java\jdk1.8.0_102\jre\bin\zip.dll
0x0000000055030000 - 0x000000005504a000 	C:\Program Files\Java\jdk1.8.0_102\jre\bin\net.dll
0x00007ffc68070000 - 0x00007ffc680c9000 	C:\WINDOWS\system32\mswsock.dll
0x0000000055010000 - 0x0000000055021000 	C:\Program Files\Java\jdk1.8.0_102\jre\bin\nio.dll
0x00007ffc54f00000 - 0x00007ffc54f12000 	C:\Users\alan\.gradle\native\19\windows-amd64\native-platform.dll
0x00007ffc680d0000 - 0x00007ffc680f0000 	C:\WINDOWS\SYSTEM32\CRYPTSP.dll
0x00007ffc67cf0000 - 0x00007ffc67d26000 	C:\WINDOWS\system32\rsaenh.dll
0x00007ffc68320000 - 0x00007ffc68346000 	C:\WINDOWS\SYSTEM32\bcrypt.dll
0x00007ffc68660000 - 0x00007ffc686c3000 	C:\WINDOWS\system32\bcryptprimitives.dll
0x00007ffc686d0000 - 0x00007ffc686db000 	C:\WINDOWS\SYSTEM32\CRYPTBASE.dll
0x00007ffc64540000 - 0x00007ffc6456a000 	C:\WINDOWS\SYSTEM32\IPHLPAPI.DLL
0x00007ffc64520000 - 0x00007ffc6452a000 	C:\WINDOWS\SYSTEM32\WINNSI.DLL
0x00007ffc63d50000 - 0x00007ffc63d66000 	C:\WINDOWS\SYSTEM32\dhcpcsvc6.DLL
0x00007ffc641f0000 - 0x00007ffc6420a000 	C:\WINDOWS\SYSTEM32\dhcpcsvc.DLL
0x0000000054e10000 - 0x0000000054e1d000 	C:\Program Files\Java\jdk1.8.0_102\jre\bin\management.dll
0x0000000054d40000 - 0x0000000054d64000 	C:\Program Files\Java\jdk1.8.0_102\jre\bin\sunec.dll
0x0000000054d30000 - 0x0000000054d3b000 	C:\Program Files\Java\jdk1.8.0_102\jre\bin\sunmscapi.dll
0x00007ffc68b80000 - 0x00007ffc68d5f000 	C:\WINDOWS\system32\CRYPT32.dll
0x00007ffc688e0000 - 0x00007ffc688f1000 	C:\WINDOWS\system32\MSASN1.dll

VM Arguments:
jvm_args: -XX:MaxPermSize=256m -XX:+HeapDumpOnOutOfMemoryError -Xmx1024m -Dfile.encoding=windows-1252 -Duser.country=US -Duser.language=en -Duser.variant 
java_command: org.gradle.launcher.daemon.bootstrap.GradleDaemon 2.14.1
java_class_path (initial): D:\Android\Android Studio\gradle\gradle-2.14.1\lib\gradle-launcher-2.14.1.jar
Launcher Type: SUN_STANDARD

Environment Variables:
JAVA_HOME=C:\Program Files\Java\jdk1.8.0_102
PATH=C:\ProgramData\Oracle\Java\javapath;%SystemRoot%\system32;%SystemRoot%;%SystemRoot%\System32\Wbem;%SYSTEMROOT%\System32\WindowsPowerShell\v1.0\;C:\Program Files (x86)\Skype\Phone\;C:\Program Files (x86)\Windows Kits\8.1\Windows Performance Toolkit\;C:\Android;C:\Windows\System32;C:\Program Files\Apache\apache-maven-3.3.3\bin;C:\Program Files (x86)\Git\bin;C:\Program Files (x86)\Git\cmd
USERNAME=Alan
OS=Windows_NT
PROCESSOR_IDENTIFIER=Intel64 Family 6 Model 42 Stepping 7, GenuineIntel



---------------  S Y S T E M  ---------------

OS: Windows 8.1 , 64 bit Build 9600 (6.3.9600.17415)

CPU:total 4 (2 cores per cpu, 2 threads per core) family 6 model 42 stepping 7, cmov, cx8, fxsr, mmx, sse, sse2, sse3, ssse3, sse4.1, sse4.2, popcnt, avx, clmul, ht, tsc, tscinvbit

Memory: 4k page, physical 6194320k(552808k free), swap 9340048k(5408k free)

vm_info: Java HotSpot(TM) 64-Bit Server VM (25.102-b14) for windows-amd64 JRE (1.8.0_102-b14), built on Jun 22 2016 13:15:21 by "java_re" with MS VC++ 10.0 (VS2010)

time: Wed Nov 30 15:04:25 2016
elapsed time: 35 seconds (0d 0h 0m 35s)

