#
# There is insufficient memory for the Java Runtime Environment to continue.
# Native memory allocation (malloc) failed to allocate 1346368 bytes for Chunk::new
# Possible reasons:
#   The system is out of physical RAM or swap space
#   In 32 bit mode, the process size limit was hit
# Possible solutions:
#   Reduce memory load on the system
#   Increase physical memory or swap space
#   Check if swap backing store is full
#   Use 64 bit Java on a 64 bit OS
#   Decrease Java heap size (-Xmx/-Xms)
#   Decrease number of Java threads
#   Decrease Java thread stack sizes (-Xss)
#   Set larger code cache with -XX:ReservedCodeCacheSize=
# This output file may be truncated or incomplete.
#
#  Out of Memory Error (allocation.cpp:390), pid=436, tid=0x0000000000000a00
#
# JRE version: Java(TM) SE Runtime Environment (8.0_102-b14) (build 1.8.0_102-b14)
# Java VM: Java HotSpot(TM) 64-Bit Server VM (25.102-b14 mixed mode windows-amd64 compressed oops)
# Failed to write core dump. Minidumps are not enabled by default on client versions of Windows
#

---------------  T H R E A D  ---------------

Current thread (0x0000000014b71000):  JavaThread "C2 CompilerThread1" daemon [_thread_in_native, id=2560, stack(0x0000000016430000,0x0000000016530000)]

Stack: [0x0000000016430000,0x0000000016530000]
[error occurred during error reporting (printing stack bounds), id 0xc0000005]

Native frames: (J=compiled Java code, j=interpreted, Vv=VM code, C=native code)


Current CompileTask:
C2:  87957 14517       4       com.android.sched.vfs.BaseVDir::createVFile (66 bytes)


---------------  P R O C E S S  ---------------

Java Threads: ( => current thread )
  0x000000002223b800 JavaThread "config-0-worker-3" daemon [_thread_in_native, id=4948, stack(0x0000000026150000,0x0000000026350000)]
  0x000000002223e000 JavaThread "config-0-worker-2" daemon [_thread_in_native, id=4616, stack(0x0000000025f50000,0x0000000026150000)]
  0x000000002223d000 JavaThread "config-0-worker-1" daemon [_thread_in_Java, id=1172, stack(0x0000000025d50000,0x0000000025f50000)]
  0x000000002223e800 JavaThread "config-0-worker-0" daemon [_thread_blocked, id=5448, stack(0x0000000025b50000,0x0000000025d50000)]
  0x0000000018004000 JavaThread "Jack reporter" daemon [_thread_blocked, id=4880, stack(0x000000001bfe0000,0x000000001c0e0000)]
  0x0000000018000800 JavaThread "Tasks limiter_4" daemon [_thread_blocked, id=4680, stack(0x0000000020f10000,0x0000000021010000)]
  0x0000000018003800 JavaThread "Tasks limiter_3" daemon [_thread_blocked, id=1164, stack(0x0000000020e10000,0x0000000020f10000)]
  0x0000000018002800 JavaThread "Tasks limiter_2" daemon [_thread_blocked, id=5368, stack(0x0000000020d10000,0x0000000020e10000)]
  0x0000000017fff000 JavaThread "Tasks limiter_1" daemon [_thread_blocked, id=3660, stack(0x000000001d550000,0x000000001d650000)]
  0x0000000017fff800 JavaThread "File lock request listener" [_thread_in_native, id=2020, stack(0x000000001bac0000,0x000000001bbc0000)]
  0x0000000017a0f800 JavaThread "Asynchronous log dispatcher for org.gradle.launcher.daemon.server.DefaultDaemonConnection@271ad602" [_thread_blocked, id=2400, stack(0x0000000019320000,0x0000000019420000)]
  0x00000000179d8800 JavaThread "Daemon worker" [_thread_blocked, id=4512, stack(0x0000000019220000,0x0000000019320000)]
  0x00000000179d5800 JavaThread "Cancel handler" [_thread_blocked, id=1936, stack(0x0000000019120000,0x0000000019220000)]
  0x0000000017937800 JavaThread "Handler for socket connection from /127.0.0.1:55686 to /127.0.0.1:55688" [_thread_in_native, id=5172, stack(0x0000000019020000,0x0000000019120000)]
  0x0000000017937000 JavaThread "Daemon" [_thread_blocked, id=4744, stack(0x0000000018f20000,0x0000000019020000)]
  0x000000001790e000 JavaThread "Incoming local TCP Connector on port 55686" [_thread_in_native, id=3060, stack(0x0000000018820000,0x0000000018920000)]
  0x00000000178b8000 JavaThread "pool-1-thread-1" [_thread_blocked, id=3308, stack(0x0000000017430000,0x0000000017530000)]
  0x0000000016660800 JavaThread "Service Thread" daemon [_thread_blocked, id=692, stack(0x0000000016a30000,0x0000000016b30000)]
  0x0000000014b77800 JavaThread "C1 CompilerThread2" daemon [_thread_blocked, id=5360, stack(0x0000000016530000,0x0000000016630000)]
=>0x0000000014b71000 JavaThread "C2 CompilerThread1" daemon [_thread_in_native, id=2560, stack(0x0000000016430000,0x0000000016530000)]
  0x0000000014b6e800 JavaThread "C2 CompilerThread0" daemon [_thread_in_native, id=5936, stack(0x0000000016330000,0x0000000016430000)]
  0x0000000014b6b800 JavaThread "Attach Listener" daemon [_thread_blocked, id=1580, stack(0x0000000016230000,0x0000000016330000)]
  0x0000000014b6a000 JavaThread "Signal Dispatcher" daemon [_thread_blocked, id=3016, stack(0x0000000016130000,0x0000000016230000)]
  0x000000000249b800 JavaThread "Finalizer" daemon [_thread_blocked, id=2328, stack(0x0000000015dd0000,0x0000000015ed0000)]
  0x0000000002491000 JavaThread "Reference Handler" daemon [_thread_blocked, id=6172, stack(0x0000000015cd0000,0x0000000015dd0000)]
  0x000000000239e000 JavaThread "main" [_thread_blocked, id=324, stack(0x0000000002220000,0x0000000002320000)]

Other Threads:
  0x0000000014b37000 VMThread [stack: 0x0000000015bd0000,0x0000000015cd0000] [id=3632]
  0x0000000016664000 WatcherThread [stack: 0x0000000016b30000,0x0000000016c30000] [id=2856]

VM state:not at safepoint (normal execution)

VM Mutex/Monitor currently owned by a thread: None

Heap:
 PSYoungGen      total 229888K, used 152572K [0x00000000eab00000, 0x00000000ffd00000, 0x0000000100000000)
  eden space 116736K, 100% used [0x00000000eab00000,0x00000000f1d00000,0x00000000f1d00000)
  from space 113152K, 31% used [0x00000000f8e80000,0x00000000fb17f3e8,0x00000000ffd00000)
  to   space 114688K, 0% used [0x00000000f1d00000,0x00000000f1d00000,0x00000000f8d00000)
 ParOldGen       total 699392K, used 634346K [0x00000000c0000000, 0x00000000eab00000, 0x00000000eab00000)
  object space 699392K, 90% used [0x00000000c0000000,0x00000000e6b7abc8,0x00000000eab00000)
 Metaspace       used 68800K, capacity 69786K, committed 70016K, reserved 1110016K
  class space    used 9037K, capacity 9340K, committed 9344K, reserved 1048576K

Card table byte_map: [0x0000000011860000,0x0000000011a70000] byte_map_base: 0x0000000011260000

Marking Bits: (ParMarkBitMap*) 0x000000007595a6c0
 Begin Bits: [0x0000000011fd0000, 0x0000000012fd0000)
 End Bits:   [0x0000000012fd0000, 0x0000000013fd0000)

Polling page: 0x0000000002320000

CodeCache: size=245760Kb used=38659Kb max_used=38681Kb free=207100Kb
 bounds [0x00000000024a0000, 0x0000000004ae0000, 0x00000000114a0000]
 total_blobs=12142 nmethods=11339 adapters=710
 compilation: enabled

Compilation events (10 events):
Event: 87.802 Thread 0x0000000014b6e800 14531       4       com.android.jack.dx.dex.file.UniformListItem::writeTo0 (171 bytes)
Event: 87.818 Thread 0x0000000014b6e800 nmethod 14531 0x0000000004257690 code [0x0000000004257800, 0x0000000004257e98]
Event: 87.818 Thread 0x0000000014b6e800 14519       4       com.android.jack.dx.dex.file.EncodedMethod::addContents (35 bytes)
Event: 87.828 Thread 0x0000000014b6e800 nmethod 14519 0x000000000407ff10 code [0x0000000004080080, 0x0000000004080468]
Event: 87.828 Thread 0x0000000014b6e800 14527       4       com.android.sched.vfs.MessageDigestFS::createVDir (10 bytes)
Event: 87.836 Thread 0x0000000014b6e800 nmethod 14527 0x0000000003cf4450 code [0x0000000003cf45c0, 0x0000000003cf4888]
Event: 87.888 Thread 0x0000000014b77800 14550       1       com.android.jack.dx.rop.cst.CstLiteral64::getLongBits (5 bytes)
Event: 87.888 Thread 0x0000000014b77800 nmethod 14550 0x0000000004269950 code [0x0000000004269aa0, 0x0000000004269bb0]
Event: 87.930 Thread 0x0000000014b6e800 14551       4       com.android.jack.dx.dex.file.MethodAnnotationStruct::compareTo (9 bytes)
Event: 87.946 Thread 0x0000000014b6e800 nmethod 14551 0x000000000425ac90 code [0x000000000425ae20, 0x000000000425b5d8]

GC Heap History (10 events):
Event: 67.916 GC heap before
{Heap before GC invocations=58 (full 8):
 PSYoungGen      total 232960K, used 206018K [0x00000000eab00000, 0x0000000100000000, 0x0000000100000000)
  eden space 116736K, 100% used [0x00000000eab00000,0x00000000f1d00000,0x00000000f1d00000)
  from space 116224K, 76% used [0x00000000f1d00000,0x00000000f7430b90,0x00000000f8e80000)
  to   space 116224K, 0% used [0x00000000f8e80000,0x00000000f8e80000,0x0000000100000000)
 ParOldGen       total 699392K, used 511747K [0x00000000c0000000, 0x00000000eab00000, 0x00000000eab00000)
  object space 699392K, 73% used [0x00000000c0000000,0x00000000df3c0fd0,0x00000000eab00000)
 Metaspace       used 68079K, capacity 69050K, committed 69504K, reserved 1110016K
  class space    used 9005K, capacity 9308K, committed 9344K, reserved 1048576K
Event: 68.061 GC heap after
Heap after GC invocations=58 (full 8):
 PSYoungGen      total 232960K, used 76352K [0x00000000eab00000, 0x0000000100000000, 0x0000000100000000)
  eden space 116736K, 0% used [0x00000000eab00000,0x00000000eab00000,0x00000000f1d00000)
  from space 116224K, 65% used [0x00000000f8e80000,0x00000000fd910010,0x0000000100000000)
  to   space 116224K, 0% used [0x00000000f1d00000,0x00000000f1d00000,0x00000000f8e80000)
 ParOldGen       total 699392K, used 535348K [0x00000000c0000000, 0x00000000eab00000, 0x00000000eab00000)
  object space 699392K, 76% used [0x00000000c0000000,0x00000000e0acd398,0x00000000eab00000)
 Metaspace       used 68079K, capacity 69050K, committed 69504K, reserved 1110016K
  class space    used 9005K, capacity 9308K, committed 9344K, reserved 1048576K
}
Event: 68.565 GC heap before
{Heap before GC invocations=59 (full 8):
 PSYoungGen      total 232960K, used 193088K [0x00000000eab00000, 0x0000000100000000, 0x0000000100000000)
  eden space 116736K, 100% used [0x00000000eab00000,0x00000000f1d00000,0x00000000f1d00000)
  from space 116224K, 65% used [0x00000000f8e80000,0x00000000fd910010,0x0000000100000000)
  to   space 116224K, 0% used [0x00000000f1d00000,0x00000000f1d00000,0x00000000f8e80000)
 ParOldGen       total 699392K, used 535348K [0x00000000c0000000, 0x00000000eab00000, 0x00000000eab00000)
  object space 699392K, 76% used [0x00000000c0000000,0x00000000e0acd398,0x00000000eab00000)
 Metaspace       used 68079K, capacity 69050K, committed 69504K, reserved 1110016K
  class space    used 9005K, capacity 9308K, committed 9344K, reserved 1048576K
Event: 68.715 GC heap after
Heap after GC invocations=59 (full 8):
 PSYoungGen      total 232960K, used 61753K [0x00000000eab00000, 0x0000000100000000, 0x0000000100000000)
  eden space 116736K, 0% used [0x00000000eab00000,0x00000000eab00000,0x00000000f1d00000)
  from space 116224K, 53% used [0x00000000f1d00000,0x00000000f594e508,0x00000000f8e80000)
  to   space 116224K, 0% used [0x00000000f8e80000,0x00000000f8e80000,0x0000000100000000)
 ParOldGen       total 699392K, used 561728K [0x00000000c0000000, 0x00000000eab00000, 0x00000000eab00000)
  object space 699392K, 80% used [0x00000000c0000000,0x00000000e2490010,0x00000000eab00000)
 Metaspace       used 68079K, capacity 69050K, committed 69504K, reserved 1110016K
  class space    used 9005K, capacity 9308K, committed 9344K, reserved 1048576K
}
Event: 69.078 GC heap before
{Heap before GC invocations=60 (full 8):
 PSYoungGen      total 232960K, used 178489K [0x00000000eab00000, 0x0000000100000000, 0x0000000100000000)
  eden space 116736K, 100% used [0x00000000eab00000,0x00000000f1d00000,0x00000000f1d00000)
  from space 116224K, 53% used [0x00000000f1d00000,0x00000000f594e508,0x00000000f8e80000)
  to   space 116224K, 0% used [0x00000000f8e80000,0x00000000f8e80000,0x0000000100000000)
 ParOldGen       total 699392K, used 561728K [0x00000000c0000000, 0x00000000eab00000, 0x00000000eab00000)
  object space 699392K, 80% used [0x00000000c0000000,0x00000000e2490010,0x00000000eab00000)
 Metaspace       used 68084K, capacity 69050K, committed 69504K, reserved 1110016K
  class space    used 9005K, capacity 9308K, committed 9344K, reserved 1048576K
Event: 69.276 GC heap after
Heap after GC invocations=60 (full 8):
 PSYoungGen      total 232960K, used 44800K [0x00000000eab00000, 0x0000000100000000, 0x0000000100000000)
  eden space 116736K, 0% used [0x00000000eab00000,0x00000000eab00000,0x00000000f1d00000)
  from space 116224K, 38% used [0x00000000f8e80000,0x00000000fba40010,0x0000000100000000)
  to   space 116224K, 0% used [0x00000000f1d00000,0x00000000f1d00000,0x00000000f8e80000)
 ParOldGen       total 699392K, used 589568K [0x00000000c0000000, 0x00000000eab00000, 0x00000000eab00000)
  object space 699392K, 84% used [0x00000000c0000000,0x00000000e3fc0398,0x00000000eab00000)
 Metaspace       used 68084K, capacity 69050K, committed 69504K, reserved 1110016K
  class space    used 9005K, capacity 9308K, committed 9344K, reserved 1048576K
}
Event: 69.654 GC heap before
{Heap before GC invocations=61 (full 8):
 PSYoungGen      total 232960K, used 161536K [0x00000000eab00000, 0x0000000100000000, 0x0000000100000000)
  eden space 116736K, 100% used [0x00000000eab00000,0x00000000f1d00000,0x00000000f1d00000)
  from space 116224K, 38% used [0x00000000f8e80000,0x00000000fba40010,0x0000000100000000)
  to   space 116224K, 0% used [0x00000000f1d00000,0x00000000f1d00000,0x00000000f8e80000)
 ParOldGen       total 699392K, used 589568K [0x00000000c0000000, 0x00000000eab00000, 0x00000000eab00000)
  object space 699392K, 84% used [0x00000000c0000000,0x00000000e3fc0398,0x00000000eab00000)
 Metaspace       used 68085K, capacity 69050K, committed 69504K, reserved 1110016K
  class space    used 9006K, capacity 9308K, committed 9344K, reserved 1048576K
Event: 69.778 GC heap after
Heap after GC invocations=61 (full 8):
 PSYoungGen      total 232960K, used 33977K [0x00000000eab00000, 0x0000000100000000, 0x0000000100000000)
  eden space 116736K, 0% used [0x00000000eab00000,0x00000000eab00000,0x00000000f1d00000)
  from space 116224K, 29% used [0x00000000f1d00000,0x00000000f3e2e4f8,0x00000000f8e80000)
  to   space 116224K, 0% used [0x00000000f8e80000,0x00000000f8e80000,0x0000000100000000)
 ParOldGen       total 699392K, used 611987K [0x00000000c0000000, 0x00000000eab00000, 0x00000000eab00000)
  object space 699392K, 87% used [0x00000000c0000000,0x00000000e55a4cc0,0x00000000eab00000)
 Metaspace       used 68085K, capacity 69050K, committed 69504K, reserved 1110016K
  class space    used 9006K, capacity 9308K, committed 9344K, reserved 1048576K
}
Event: 82.665 GC heap before
{Heap before GC invocations=62 (full 8):
 PSYoungGen      total 232960K, used 150713K [0x00000000eab00000, 0x0000000100000000, 0x0000000100000000)
  eden space 116736K, 100% used [0x00000000eab00000,0x00000000f1d00000,0x00000000f1d00000)
  from space 116224K, 29% used [0x00000000f1d00000,0x00000000f3e2e4f8,0x00000000f8e80000)
  to   space 116224K, 0% used [0x00000000f8e80000,0x00000000f8e80000,0x0000000100000000)
 ParOldGen       total 699392K, used 611987K [0x00000000c0000000, 0x00000000eab00000, 0x00000000eab00000)
  object space 699392K, 87% used [0x00000000c0000000,0x00000000e55a4cc0,0x00000000eab00000)
 Metaspace       used 68761K, capacity 69786K, committed 70016K, reserved 1110016K
  class space    used 9036K, capacity 9340K, committed 9344K, reserved 1048576K
Event: 82.801 GC heap after
Heap after GC invocations=62 (full 8):
 PSYoungGen      total 229888K, used 35836K [0x00000000eab00000, 0x00000000ffd00000, 0x0000000100000000)
  eden space 116736K, 0% used [0x00000000eab00000,0x00000000eab00000,0x00000000f1d00000)
  from space 113152K, 31% used [0x00000000f8e80000,0x00000000fb17f3e8,0x00000000ffd00000)
  to   space 114688K, 0% used [0x00000000f1d00000,0x00000000f1d00000,0x00000000f8d00000)
 ParOldGen       total 699392K, used 634346K [0x00000000c0000000, 0x00000000eab00000, 0x00000000eab00000)
  object space 699392K, 90% used [0x00000000c0000000,0x00000000e6b7abc8,0x00000000eab00000)
 Metaspace       used 68761K, capacity 69786K, committed 70016K, reserved 1110016K
  class space    used 9036K, capacity 9340K, committed 9344K, reserved 1048576K
}

Deoptimization events (10 events):
Event: 71.987 Thread 0x000000002223e800 Uncommon trap: reason=unstable_if action=reinterpret pc=0x00000000038a3f3c method=java.lang.Long.numberOfTrailingZeros(J)I @ 3
Event: 76.461 Thread 0x000000002223e800 Uncommon trap: reason=unstable_if action=reinterpret pc=0x00000000048750b8 method=com.android.jack.dx.util.ByteArrayAnnotatedOutput.ensureCapacity(I)V @ 6
Event: 80.354 Thread 0x000000002223b800 Uncommon trap: reason=unstable_if action=reinterpret pc=0x000000000495021c method=com.android.jack.dx.rop.cst.CstString.stringToUtf8BytesCount(Ljava/lang/String;)I @ 31
Event: 80.364 Thread 0x000000002223b800 Uncommon trap: reason=unstable_if action=reinterpret pc=0x000000000495811c method=com.android.jack.dx.rop.cst.CstString.stringToUtf8Bytes(Ljava/lang/String;I)[B @ 39
Event: 81.493 Thread 0x000000002223e000 Uncommon trap: reason=unstable_if action=reinterpret pc=0x00000000049c6ac4 method=com.android.jack.dx.dex.code.form.Form35c.wordCount(Lcom/android/jack/dx/rop/code/RegisterSpecList;)I @ 65
Event: 81.497 Thread 0x000000002223e000 Uncommon trap: reason=unstable_if action=reinterpret pc=0x0000000004956088 method=com.android.jack.dx.dex.code.form.Form35c.wordCount(Lcom/android/jack/dx/rop/code/RegisterSpecList;)I @ 65
Event: 84.330 Thread 0x000000002223e000 Uncommon trap: reason=class_check action=maybe_recompile pc=0x0000000003f4ce1c method=com.android.jack.dx.dex.code.form.Form35c.isCompatible(Lcom/android/jack/dx/dex/code/DalvInsn;)Z @ 36
Event: 84.330 Thread 0x000000002223e000 Uncommon trap: reason=class_check action=maybe_recompile pc=0x0000000003f4ce1c method=com.android.jack.dx.dex.code.form.Form35c.isCompatible(Lcom/android/jack/dx/dex/code/DalvInsn;)Z @ 36
Event: 84.330 Thread 0x000000002223e000 Uncommon trap: reason=class_check action=maybe_recompile pc=0x0000000003f4ce1c method=com.android.jack.dx.dex.code.form.Form35c.isCompatible(Lcom/android/jack/dx/dex/code/DalvInsn;)Z @ 36
Event: 84.330 Thread 0x000000002223e000 Uncommon trap: reason=class_check action=maybe_recompile pc=0x0000000003f4ce1c method=com.android.jack.dx.dex.code.form.Form35c.isCompatible(Lcom/android/jack/dx/dex/code/DalvInsn;)Z @ 36

Internal exceptions (10 events):
Event: 19.066 Thread 0x0000000017fff000 Exception <a 'java/lang/ArrayIndexOutOfBoundsException'> (0x00000000eb3818a8) thrown at [C:\re\workspace\8-2-build-windows-amd64-cygwin\jdk8u102\7268\hotspot\src\share\vm\runtime\sharedRuntime.cpp, line 605]
Event: 19.066 Thread 0x0000000017fff000 Exception <a 'java/lang/ArrayIndexOutOfBoundsException'> (0x00000000eb384a68) thrown at [C:\re\workspace\8-2-build-windows-amd64-cygwin\jdk8u102\7268\hotspot\src\share\vm\runtime\sharedRuntime.cpp, line 605]
Event: 19.067 Thread 0x0000000017fff000 Exception <a 'java/lang/ArrayIndexOutOfBoundsException'> (0x00000000eb386a48) thrown at [C:\re\workspace\8-2-build-windows-amd64-cygwin\jdk8u102\7268\hotspot\src\share\vm\runtime\sharedRuntime.cpp, line 605]
Event: 19.068 Thread 0x0000000017fff000 Exception <a 'java/lang/ArrayIndexOutOfBoundsException'> (0x00000000eb388758) thrown at [C:\re\workspace\8-2-build-windows-amd64-cygwin\jdk8u102\7268\hotspot\src\share\vm\runtime\sharedRuntime.cpp, line 605]
Event: 19.068 Thread 0x0000000017fff000 Exception <a 'java/lang/ArrayIndexOutOfBoundsException'> (0x00000000eb38a6f0) thrown at [C:\re\workspace\8-2-build-windows-amd64-cygwin\jdk8u102\7268\hotspot\src\share\vm\runtime\sharedRuntime.cpp, line 605]
Event: 19.081 Thread 0x0000000017fff000 Exception <a 'java/lang/ArrayIndexOutOfBoundsException'> (0x00000000eb3fa2a8) thrown at [C:\re\workspace\8-2-build-windows-amd64-cygwin\jdk8u102\7268\hotspot\src\share\vm\runtime\sharedRuntime.cpp, line 605]
Event: 19.099 Thread 0x0000000017fff000 Exception <a 'java/lang/ArrayIndexOutOfBoundsException'> (0x00000000eb430f00) thrown at [C:\re\workspace\8-2-build-windows-amd64-cygwin\jdk8u102\7268\hotspot\src\share\vm\runtime\sharedRuntime.cpp, line 605]
Event: 21.842 Thread 0x0000000017fff000 Implicit null exception at 0x0000000003a6d12f to 0x0000000003a6d2a9
Event: 22.216 Thread 0x0000000017fff000 Implicit null exception at 0x0000000002c93e1d to 0x0000000002c93f45
Event: 24.978 Thread 0x000000002223b800 Implicit null exception at 0x0000000003d65392 to 0x0000000003d65919

Events (10 events):
Event: 84.330 Thread 0x000000002223e000 DEOPT PACKING pc=0x0000000003f4ce1c sp=0x000000002614e9c0
Event: 84.330 Thread 0x000000002223e000 DEOPT UNPACKING pc=0x00000000024e582a sp=0x000000002614e948 mode 2
Event: 84.330 Thread 0x000000002223e000 Uncommon trap: trap_request=0xffffffde fr.pc=0x0000000003f4ce1c
Event: 84.330 Thread 0x000000002223e000 DEOPT PACKING pc=0x0000000003f4ce1c sp=0x000000002614e9c0
Event: 84.330 Thread 0x000000002223e000 DEOPT UNPACKING pc=0x00000000024e582a sp=0x000000002614e948 mode 2
Event: 84.330 Thread 0x000000002223e000 Uncommon trap: trap_request=0xffffffde fr.pc=0x0000000003f4ce1c
Event: 84.330 Thread 0x000000002223e000 DEOPT PACKING pc=0x0000000003f4ce1c sp=0x000000002614e9c0
Event: 84.330 Thread 0x000000002223e000 DEOPT UNPACKING pc=0x00000000024e582a sp=0x000000002614e948 mode 2
Event: 84.356 loading class com/android/jack/dx/rop/code/RegisterSpecList$1
Event: 84.356 loading class com/android/jack/dx/rop/code/RegisterSpecList$1 done


Dynamic libraries:
0x00007ff718ca0000 - 0x00007ff718cd7000 	C:\Program Files\Java\jdk1.8.0_102\bin\java.exe
0x00007ffc50b10000 - 0x00007ffc50cbc000 	C:\WINDOWS\SYSTEM32\ntdll.dll
0x00007ffc50050000 - 0x00007ffc5018e000 	C:\WINDOWS\system32\KERNEL32.DLL
0x00007ffc4dd40000 - 0x00007ffc4de55000 	C:\WINDOWS\system32\KERNELBASE.dll
0x00007ffc4c700000 - 0x00007ffc4c78e000 	C:\WINDOWS\system32\apphelp.dll
0x00007ffc3d240000 - 0x00007ffc3d293000 	C:\WINDOWS\AppPatch\AppPatch64\AcGenral.DLL
0x00007ffc50250000 - 0x00007ffc502fa000 	C:\WINDOWS\system32\msvcrt.dll
0x00007ffc4dae0000 - 0x00007ffc4db0e000 	C:\WINDOWS\SYSTEM32\SspiCli.dll
0x00007ffc50190000 - 0x00007ffc501e4000 	C:\WINDOWS\system32\SHLWAPI.dll
0x00007ffc4fba0000 - 0x00007ffc4fd17000 	C:\WINDOWS\system32\USER32.dll
0x00007ffc4fa00000 - 0x00007ffc4fb94000 	C:\WINDOWS\system32\ole32.dll
0x00007ffc4e4e0000 - 0x00007ffc4f9f9000 	C:\WINDOWS\system32\SHELL32.dll
0x00007ffc4d260000 - 0x00007ffc4d281000 	C:\WINDOWS\SYSTEM32\USERENV.dll
0x00007ffc50850000 - 0x00007ffc508fa000 	C:\WINDOWS\system32\ADVAPI32.dll
0x00007ffc43a80000 - 0x00007ffc43a9e000 	C:\WINDOWS\SYSTEM32\MPR.dll
0x00007ffc4ff00000 - 0x00007ffc50041000 	C:\WINDOWS\system32\RPCRT4.dll
0x00007ffc507f0000 - 0x00007ffc50849000 	C:\WINDOWS\SYSTEM32\sechost.dll
0x00007ffc503d0000 - 0x00007ffc505e1000 	C:\WINDOWS\SYSTEM32\combase.dll
0x00007ffc4fd30000 - 0x00007ffc4fe7f000 	C:\WINDOWS\system32\GDI32.dll
0x00007ffc4dc70000 - 0x00007ffc4dc85000 	C:\WINDOWS\SYSTEM32\profapi.dll
0x00007ffc4c790000 - 0x00007ffc4c842000 	C:\WINDOWS\SYSTEM32\SHCORE.dll
0x00007ffc50970000 - 0x00007ffc509a6000 	C:\WINDOWS\system32\IMM32.DLL
0x00007ffc509b0000 - 0x00007ffc50b02000 	C:\WINDOWS\system32\MSCTF.dll
0x00007ffc4dc30000 - 0x00007ffc4dc5f000 	C:\Windows\system32\nvinitx.dll
0x00007ffc4c040000 - 0x00007ffc4c2ba000 	C:\WINDOWS\WinSxS\amd64_microsoft.windows.common-controls_6595b64144ccf1df_6.0.9600.17810_none_6240b9c7ecbd0bda\COMCTL32.dll
0x0000000074bd0000 - 0x0000000074ca1000 	C:\Program Files\Java\jdk1.8.0_102\jre\bin\msvcr100.dll
0x0000000075140000 - 0x00000000759da000 	C:\Program Files\Java\jdk1.8.0_102\jre\bin\server\jvm.dll
0x00007ffc383e0000 - 0x00007ffc383e9000 	C:\WINDOWS\SYSTEM32\WSOCK32.dll
0x00007ffc4c2c0000 - 0x00007ffc4c2e2000 	C:\WINDOWS\SYSTEM32\WINMM.dll
0x00007ffc4c2f0000 - 0x00007ffc4c2fa000 	C:\WINDOWS\SYSTEM32\VERSION.dll
0x00007ffc4fee0000 - 0x00007ffc4fee7000 	C:\WINDOWS\system32\PSAPI.DLL
0x00007ffc4fe80000 - 0x00007ffc4feda000 	C:\WINDOWS\system32\WS2_32.dll
0x00007ffc4bfd0000 - 0x00007ffc4bffa000 	C:\WINDOWS\SYSTEM32\WINMMBASE.dll
0x00007ffc4fef0000 - 0x00007ffc4fef9000 	C:\WINDOWS\system32\NSI.dll
0x00007ffc4e0f0000 - 0x00007ffc4e13f000 	C:\WINDOWS\SYSTEM32\cfgmgr32.dll
0x00007ffc4ca30000 - 0x00007ffc4ca58000 	C:\WINDOWS\SYSTEM32\DEVOBJ.dll
0x0000000075050000 - 0x000000007505f000 	C:\Program Files\Java\jdk1.8.0_102\jre\bin\verify.dll
0x0000000075020000 - 0x0000000075049000 	C:\Program Files\Java\jdk1.8.0_102\jre\bin\java.dll
0x0000000075000000 - 0x0000000075016000 	C:\Program Files\Java\jdk1.8.0_102\jre\bin\zip.dll
0x0000000074fe0000 - 0x0000000074ffa000 	C:\Program Files\Java\jdk1.8.0_102\jre\bin\net.dll
0x00007ffc4d520000 - 0x00007ffc4d579000 	C:\WINDOWS\system32\mswsock.dll
0x0000000074fc0000 - 0x0000000074fd1000 	C:\Program Files\Java\jdk1.8.0_102\jre\bin\nio.dll
0x00007ffc44180000 - 0x00007ffc44192000 	C:\Users\alan\.gradle\native\19\windows-amd64\native-platform.dll
0x00007ffc4d580000 - 0x00007ffc4d5a0000 	C:\WINDOWS\SYSTEM32\CRYPTSP.dll
0x00007ffc4d150000 - 0x00007ffc4d186000 	C:\WINDOWS\system32\rsaenh.dll
0x00007ffc4d7d0000 - 0x00007ffc4d7f6000 	C:\WINDOWS\SYSTEM32\bcrypt.dll
0x00007ffc4db10000 - 0x00007ffc4db73000 	C:\WINDOWS\system32\bcryptprimitives.dll
0x00007ffc4db80000 - 0x00007ffc4db8b000 	C:\WINDOWS\SYSTEM32\CRYPTBASE.dll
0x00007ffc4b240000 - 0x00007ffc4b26a000 	C:\WINDOWS\SYSTEM32\IPHLPAPI.DLL
0x00007ffc4b230000 - 0x00007ffc4b23a000 	C:\WINDOWS\SYSTEM32\WINNSI.DLL
0x00007ffc48b20000 - 0x00007ffc48b36000 	C:\WINDOWS\SYSTEM32\dhcpcsvc6.DLL
0x00007ffc48e80000 - 0x00007ffc48e9a000 	C:\WINDOWS\SYSTEM32\dhcpcsvc.DLL
0x0000000074dc0000 - 0x0000000074dcd000 	C:\Program Files\Java\jdk1.8.0_102\jre\bin\management.dll
0x0000000074cf0000 - 0x0000000074d14000 	C:\Program Files\Java\jdk1.8.0_102\jre\bin\sunec.dll
0x00007ffc4d320000 - 0x00007ffc4d3c4000 	C:\WINDOWS\SYSTEM32\DNSAPI.dll
0x00007ffc45150000 - 0x00007ffc4515a000 	C:\Windows\System32\rasadhlp.dll
0x00007ffc48be0000 - 0x00007ffc48c4b000 	C:\WINDOWS\System32\fwpuclnt.dll
0x0000000074ce0000 - 0x0000000074ceb000 	C:\Program Files\Java\jdk1.8.0_102\jre\bin\sunmscapi.dll
0x00007ffc4de60000 - 0x00007ffc4e03f000 	C:\WINDOWS\system32\CRYPT32.dll
0x00007ffc4dd20000 - 0x00007ffc4dd31000 	C:\WINDOWS\system32\MSASN1.dll

VM Arguments:
jvm_args: -XX:MaxPermSize=256m -XX:+HeapDumpOnOutOfMemoryError -Xmx1024m -Dfile.encoding=windows-1252 -Duser.country=US -Duser.language=en -Duser.variant 
java_command: org.gradle.launcher.daemon.bootstrap.GradleDaemon 2.14.1
java_class_path (initial): D:\Android\Android Studio\gradle\gradle-2.14.1\lib\gradle-launcher-2.14.1.jar
Launcher Type: SUN_STANDARD

Environment Variables:
JAVA_HOME=C:\Program Files\Java\jdk1.8.0_102
PATH=C:\ProgramData\Oracle\Java\javapath;%SystemRoot%\system32;%SystemRoot%;%SystemRoot%\System32\Wbem;%SYSTEMROOT%\System32\WindowsPowerShell\v1.0\;C:\Program Files (x86)\Skype\Phone\;C:\Program Files (x86)\Windows Kits\8.1\Windows Performance Toolkit\;C:\Android;C:\Windows\System32;C:\Program Files\Apache\apache-maven-3.3.3\bin;C:\Program Files (x86)\Git\bin;C:\Program Files (x86)\Git\cmd
USERNAME=Alan
OS=Windows_NT
PROCESSOR_IDENTIFIER=Intel64 Family 6 Model 42 Stepping 7, GenuineIntel



---------------  S Y S T E M  ---------------

OS: Windows 8.1 , 64 bit Build 9600 (6.3.9600.17415)

CPU:total 4 (2 cores per cpu, 2 threads per core) family 6 model 42 stepping 7, cmov, cx8, fxsr, mmx, sse, sse2, sse3, ssse3, sse4.1, sse4.2, popcnt, avx, clmul, ht, tsc, tscinvbit

Memory: 4k page, physical 6194320k(594400k free), swap 9340048k(4712k free)

vm_info: Java HotSpot(TM) 64-Bit Server VM (25.102-b14) for windows-amd64 JRE (1.8.0_102-b14), built on Jun 22 2016 13:15:21 by "java_re" with MS VC++ 10.0 (VS2010)

time: Wed Nov 09 19:51:28 2016
elapsed time: 87 seconds (0d 0h 1m 27s)

